2025-08-07 22:33:13,248 | ⚡ Marc used command: upload_food_image in calories
2025-08-07 22:33:25,358 | 🍽️ Marc analyzed food: Panini Sandwich and French Fries (650 kcal)
2025-08-07 22:42:53,798 | ⚡ Marc Calories used command: upload_food_image in calories
2025-08-07 22:46:20,562 | ⚡ Marc Calories used command: upload_food_image in calories
2025-08-07 22:46:36,882 | 🍽️ Marc Calories analyzed food: Grilled Sandwich with French Fries and Bacon (750 kcal)
2025-08-07 22:47:14,843 | ⚡ Marc used command: help_calories in calories
2025-08-07 22:47:30,480 | ⚡ Marc used command: logs in calories
2025-08-07 22:47:42,049 | ⚡ Marc used command: test_analysis in calories
2025-08-07 22:48:11,751 | ⚡ Marc used command: weekly_nutrition in calories
2025-08-07 22:48:16,559 | ⚡ Marc used command: month_command in calories
2025-08-07 22:48:31,222 | ⚡ Marc used command: frequent_meals in calories
2025-08-07 22:50:19,563 | ⚡ Marc used command: nutrition_today in calories
2025-08-07 22:51:54,820 | ⚡ Marc used command: nutrition_today in calories
2025-08-07 22:52:12,553 | ⚡ Marc used command: weekly_nutrition in calories
2025-08-07 22:52:37,296 | ⚡ Marc used command: test_analysis in calories
2025-08-07 22:53:22,598 | ⚡ Marc used command: frequent_meals in calories
2025-08-07 23:05:51,864 | ⚡ Marc used command: nutrition_today in calories
2025-08-07 23:05:57,051 | ⚡ Marc used command: weekly_summary in calories
2025-08-07 23:06:09,811 | ⚡ Marc used command: month_command in calories
2025-08-07 23:11:39,031 | ⚡ Marc used command: month_command in calories
2025-08-07 23:11:51,781 | 📊 Unknown generated monthly report for 0/0
2025-08-18 11:10:43,674 | ⚡ Marc Calories used command: upload_food_image in calories
2025-08-18 11:10:55,953 | 🍽️ Marc Calories analyzed food: Chicken Fried Rice with Carrots and Green Onions (450 kcal)
2025-08-19 11:22:42,634 | ⚡ Marc Calories used command: upload_food_image in calories
2025-08-19 11:22:54,941 | 🍽️ Marc Calories analyzed food: Wiener Schnitzel with Spätzle (650 kcal)
2025-09-02 10:39:09,894 | ⚡ Marc Calories used command: upload_food_image in calories
2025-09-02 10:39:23,515 | 🍽️ Marc Calories analyzed food: Chicken Stir-Fry with Rice and Vegetables (450 kcal)
2025-09-03 09:55:05,646 | ⚡ Marc Calories used command: upload_food_image in calories
2025-09-03 09:55:25,779 | 🍽️ Marc Calories analyzed food: Walnuts and M&M's (small serving) (250 kcal)
2025-09-03 10:08:34,332 | ⚡ Marc Calories used command: upload_food_image in calories
2025-09-03 10:08:56,245 | 🍽️ Marc Calories analyzed food: Scrambled Eggs with Sausage and Onions (serving for 2 people) (600 kcal)
2025-09-04 06:13:21,603 | ⚡ Marc Calories used command: text_food_analysis in calories
2025-09-07 14:17:20,251 | ⚡ Marc Calories used command: text_food_analysis in calories
